<?xml version="1.0" encoding="UTF-8"?>
<testng-results ignored="0" total="1" passed="0" failed="0" skipped="1">
  <reporter-output>
  </reporter-output>
  <suite started-at="2021-11-04T17:41:15 BDT" name="Default suite" finished-at="2021-11-04T17:41:15 BDT" duration-ms="47">
    <groups>
    </groups>
    <test started-at="2021-11-04T17:41:15 BDT" name="Default test" finished-at="2021-11-04T17:41:15 BDT" duration-ms="47">
      <class name="com.Tests.TC003_GenericManagenent_Followups">
        <test-method is-config="true" signature="copy()[pri:0, instance:com.Tests.TC003_GenericManagenent_Followups@73700b80]" started-at="2021-11-04T17:41:15 BDT" name="copy" finished-at="2021-11-04T17:41:15 BDT" duration-ms="20" status="PASS">
          <reporter-output>
          </reporter-output>
        </test-method> <!-- copy -->
        <test-method is-config="true" signature="broswerConfig(java.lang.String)[pri:0, instance:com.Tests.TC003_GenericManagenent_Followups@73700b80]" started-at="2021-11-04T17:41:15 BDT" name="broswerConfig" finished-at="1970-01-01T06:00:00 BDT" duration-ms="-1636026075673" status="FAIL">
          <exception class="org.testng.TestNGException">
            <message>
              <![CDATA[
Parameter 'browser' is required by BeforeClass on method broswerConfig but has not been marked @Optional or defined
in C:\Users\USER\AppData\Local\Temp\testng-eclipse--1841537430\testng-customsuite.xml]]>
            </message>
            <full-stacktrace>
              <![CDATA[org.testng.TestNGException: 
Parameter 'browser' is required by BeforeClass on method broswerConfig but has not been marked @Optional or defined
in C:\Users\USER\AppData\Local\Temp\testng-eclipse--1841537430\testng-customsuite.xml
at org.testng.internal.Parameters.createParams(Parameters.java:268)
at org.testng.internal.Parameters.createParametersForMethod(Parameters.java:356)
at org.testng.internal.Parameters.createParameters(Parameters.java:700)
at org.testng.internal.Parameters.createConfigurationParameters(Parameters.java:166)
at org.testng.internal.ConfigInvoker.invokeConfigurations(ConfigInvoker.java:301)
at org.testng.internal.TestMethodWorker.invokeBeforeClassMethods(TestMethodWorker.java:176)
at org.testng.internal.TestMethodWorker.run(TestMethodWorker.java:122)
at java.base/java.util.ArrayList.forEach(ArrayList.java:1511)
at org.testng.TestRunner.privateRun(TestRunner.java:764)
at org.testng.TestRunner.run(TestRunner.java:585)
at org.testng.SuiteRunner.runTest(SuiteRunner.java:384)
at org.testng.SuiteRunner.runSequentially(SuiteRunner.java:378)
at org.testng.SuiteRunner.privateRun(SuiteRunner.java:337)
at org.testng.SuiteRunner.run(SuiteRunner.java:286)
at org.testng.SuiteRunnerWorker.runSuite(SuiteRunnerWorker.java:53)
at org.testng.SuiteRunnerWorker.run(SuiteRunnerWorker.java:96)
at org.testng.TestNG.runSuitesSequentially(TestNG.java:1218)
at org.testng.TestNG.runSuitesLocally(TestNG.java:1140)
at org.testng.TestNG.runSuites(TestNG.java:1069)
at org.testng.TestNG.run(TestNG.java:1037)
at org.testng.remote.AbstractRemoteTestNG.run(AbstractRemoteTestNG.java:115)
at org.testng.remote.RemoteTestNG.initAndRun(RemoteTestNG.java:251)
at org.testng.remote.RemoteTestNG.main(RemoteTestNG.java:77)
]]>
            </full-stacktrace>
          </exception> <!-- org.testng.TestNGException -->
          <reporter-output>
          </reporter-output>
        </test-method> <!-- broswerConfig -->
        <test-method is-config="true" signature="login()[pri:0, instance:com.Tests.TC003_GenericManagenent_Followups@73700b80]" started-at="2021-11-04T17:41:15 BDT" name="login" finished-at="1970-01-01T06:00:00 BDT" duration-ms="-1636026075694" status="SKIP">
          <reporter-output>
          </reporter-output>
        </test-method> <!-- login -->
        <test-method signature="MedicalCentreTypes()[pri:-1, instance:com.Tests.TC003_GenericManagenent_Followups@73700b80]" started-at="2021-11-04T17:41:15 BDT" name="MedicalCentreTypes" finished-at="2021-11-04T17:41:15 BDT" duration-ms="0" status="SKIP">
          <exception class="org.testng.TestNGException">
            <message>
              <![CDATA[
Parameter 'browser' is required by BeforeClass on method broswerConfig but has not been marked @Optional or defined
in C:\Users\USER\AppData\Local\Temp\testng-eclipse--1841537430\testng-customsuite.xml]]>
            </message>
            <full-stacktrace>
              <![CDATA[org.testng.TestNGException: 
Parameter 'browser' is required by BeforeClass on method broswerConfig but has not been marked @Optional or defined
in C:\Users\USER\AppData\Local\Temp\testng-eclipse--1841537430\testng-customsuite.xml
at org.testng.internal.Parameters.createParams(Parameters.java:268)
at org.testng.internal.Parameters.createParametersForMethod(Parameters.java:356)
at org.testng.internal.Parameters.createParameters(Parameters.java:700)
at org.testng.internal.Parameters.createConfigurationParameters(Parameters.java:166)
at org.testng.internal.ConfigInvoker.invokeConfigurations(ConfigInvoker.java:301)
at org.testng.internal.TestMethodWorker.invokeBeforeClassMethods(TestMethodWorker.java:176)
at org.testng.internal.TestMethodWorker.run(TestMethodWorker.java:122)
at java.base/java.util.ArrayList.forEach(ArrayList.java:1511)
at org.testng.TestRunner.privateRun(TestRunner.java:764)
at org.testng.TestRunner.run(TestRunner.java:585)
at org.testng.SuiteRunner.runTest(SuiteRunner.java:384)
at org.testng.SuiteRunner.runSequentially(SuiteRunner.java:378)
at org.testng.SuiteRunner.privateRun(SuiteRunner.java:337)
at org.testng.SuiteRunner.run(SuiteRunner.java:286)
at org.testng.SuiteRunnerWorker.runSuite(SuiteRunnerWorker.java:53)
at org.testng.SuiteRunnerWorker.run(SuiteRunnerWorker.java:96)
at org.testng.TestNG.runSuitesSequentially(TestNG.java:1218)
at org.testng.TestNG.runSuitesLocally(TestNG.java:1140)
at org.testng.TestNG.runSuites(TestNG.java:1069)
at org.testng.TestNG.run(TestNG.java:1037)
at org.testng.remote.AbstractRemoteTestNG.run(AbstractRemoteTestNG.java:115)
at org.testng.remote.RemoteTestNG.initAndRun(RemoteTestNG.java:251)
at org.testng.remote.RemoteTestNG.main(RemoteTestNG.java:77)
]]>
            </full-stacktrace>
          </exception> <!-- org.testng.TestNGException -->
          <reporter-output>
          </reporter-output>
        </test-method> <!-- MedicalCentreTypes -->
        <test-method is-config="true" signature="close()[pri:0, instance:com.Tests.TC003_GenericManagenent_Followups@73700b80]" started-at="2021-11-04T17:41:15 BDT" name="close" finished-at="1970-01-01T06:00:00 BDT" duration-ms="-1636026075702" status="SKIP">
          <reporter-output>
          </reporter-output>
        </test-method> <!-- close -->
      </class> <!-- com.Tests.TC003_GenericManagenent_Followups -->
    </test> <!-- Default test -->
  </suite> <!-- Default suite -->
</testng-results>
